<?xml version="1.0" encoding="UTF-8"?>
<testsuite name="As user i want to create new pet to the store" tests="1" skipped="0" failures="0" errors="0" timestamp="2022-01-07T19:11:02" hostname="BG-D-JNAVAS01" time="2.193">
  <properties/>
  <testcase name="Validate that the new pet is on the store" classname="As user i want to create new pet to the store" time="2.193"/>
  <system-out><![CDATA[Thiago
]]></system-out>
  <system-err><![CDATA[[Test worker] INFO net.thucydides.core.steps.ConsoleLoggingListener - STARTING STEP Given the user send a information
[Test worker] INFO net.thucydides.core.steps.ConsoleLoggingListener - STARTING STEP Juan new pet
[Test worker] INFO net.thucydides.core.steps.ConsoleLoggingListener - STARTING STEP Juan executes a POST on the resource /pet
[Test worker] INFO net.thucydides.core.steps.ConsoleLoggingListener - FINISHING STEP
[Test worker] INFO net.thucydides.core.steps.ConsoleLoggingListener - STARTING STEP Ok
[Test worker] INFO net.thucydides.core.steps.ConsoleLoggingListener - FINISHING STEP
[Test worker] INFO net.thucydides.core.steps.ConsoleLoggingListener - FINISHING STEP
[Test worker] INFO net.thucydides.core.steps.ConsoleLoggingListener - FINISHING STEP
[Test worker] INFO net.thucydides.core.steps.ConsoleLoggingListener - STARTING STEP Then Validate status and name
[Test worker] INFO net.thucydides.core.steps.ConsoleLoggingListener - STARTING STEP Then compare state data
[Test worker] INFO net.thucydides.core.steps.ConsoleLoggingListener - FINISHING STEP
[Test worker] INFO net.thucydides.core.steps.ConsoleLoggingListener - FINISHING STEP
[Test worker] INFO net.thucydides.core.steps.ConsoleLoggingListener - ?[92m
        __    _____ _____ ____ _____   ____   _    ____  ____  _____ ____  
  _     \ \  |_   _| ____/ ___|_   _| |  _ \ / \  / ___|/ ___|| ____|  _ \ 
 (_)_____| |   | | |  _| \___ \ | |   | |_) / _ \ \___ \\___ \|  _| | | | |
  _|_____| |   | | | |___ ___) || |   |  __/ ___ \ ___) |___) | |___| |_| |
 (_)     | |   |_| |_____|____/ |_|   |_| /_/   \_\____/|____/|_____|____/ 
        /_/                                                                

TEST PASSED: Validate that the new pet is on the store
----------------------------------------------------------------------------?[0m
]]></system-err>
</testsuite>
