<?xml version="1.0" encoding="UTF-8"?>
<testsuite name="As user i wanto to Send my personal data and Password" tests="1" skipped="0" failures="0" errors="0" timestamp="2022-01-07T19:11:10" hostname="BG-D-JNAVAS01" time="3.643">
  <properties/>
  <testcase name="Validate the update of user information" classname="As user i wanto to Send my personal data and Password" time="3.643"/>
  <system-out><![CDATA[]]></system-out>
  <system-err><![CDATA[[Test worker] INFO net.thucydides.core.steps.ConsoleLoggingListener - STARTING STEP Given Send request with data and send update
[Test worker] INFO net.thucydides.core.steps.ConsoleLoggingListener - STARTING STEP Juan update user information
[Test worker] INFO net.thucydides.core.steps.ConsoleLoggingListener - STARTING STEP Juan executes a POST on the resource /user/createWithArray
[Test worker] INFO net.thucydides.core.steps.ConsoleLoggingListener - FINISHING STEP
[Test worker] INFO net.thucydides.core.steps.ConsoleLoggingListener - STARTING STEP Create ok
[Test worker] INFO net.thucydides.core.steps.ConsoleLoggingListener - FINISHING STEP
[Test worker] INFO net.thucydides.core.steps.ConsoleLoggingListener - STARTING STEP Juan executes a PUT on the resource /user/Juan
[Test worker] INFO net.thucydides.core.steps.ConsoleLoggingListener - FINISHING STEP
[Test worker] INFO net.thucydides.core.steps.ConsoleLoggingListener - FINISHING STEP
[Test worker] INFO net.thucydides.core.steps.ConsoleLoggingListener - FINISHING STEP
[Test worker] INFO net.thucydides.core.steps.ConsoleLoggingListener - STARTING STEP Then Validate satus and response of update
[Test worker] INFO net.thucydides.core.steps.ConsoleLoggingListener - STARTING STEP Then compare state data
[Test worker] INFO net.thucydides.core.steps.ConsoleLoggingListener - FINISHING STEP
[Test worker] INFO net.thucydides.core.steps.ConsoleLoggingListener - FINISHING STEP
[Test worker] INFO net.thucydides.core.steps.ConsoleLoggingListener - ?[92m
        __    _____ _____ ____ _____   ____   _    ____  ____  _____ ____  
  _     \ \  |_   _| ____/ ___|_   _| |  _ \ / \  / ___|/ ___|| ____|  _ \ 
 (_)_____| |   | | |  _| \___ \ | |   | |_) / _ \ \___ \\___ \|  _| | | | |
  _|_____| |   | | | |___ ___) || |   |  __/ ___ \ ___) |___) | |___| |_| |
 (_)     | |   |_| |_____|____/ |_|   |_| /_/   \_\____/|____/|_____|____/ 
        /_/                                                                

TEST PASSED: Validate the update of user information
----------------------------------------------------------------------------?[0m
]]></system-err>
</testsuite>
